Flow report for cm3
Thu Apr 09 20:52:39 2020
Quartus Prime Version 19.1.0 Build 670 09/22/2019 SJ Standard Edition


---------------------
; Table of Contents ;
---------------------
  1. Legal Notice
  2. Flow Summary
  3. Flow Settings
  4. Flow Non-Default Global Settings
  5. Flow Elapsed Time
  6. Flow OS Summary
  7. Flow Log
  8. Flow Messages
  9. Flow Suppressed Messages



----------------
; Legal Notice ;
----------------
Copyright (C) 2019  Intel Corporation. All rights reserved.
Your use of Intel Corporation's design tools, logic functions 
and other software and tools, and any partner logic 
functions, and any output files from any of the foregoing 
(including device programming or simulation files), and any 
associated documentation or information are expressly subject 
to the terms and conditions of the Intel Program License 
Subscription Agreement, the Intel Quartus Prime License Agreement,
the Intel FPGA IP License Agreement, or other applicable license
agreement, including, without limitation, that your use is for
the sole purpose of programming logic devices manufactured by
Intel and sold by Intel or its authorized distributors.  Please
refer to the applicable agreement for further details, at
https://fpgasoftware.intel.com/eula.



+-----------------------------------------------------------------------------------+
; Flow Summary                                                                      ;
+---------------------------------+-------------------------------------------------+
; Flow Status                     ; Successful - Thu Apr 09 20:51:30 2020           ;
; Quartus Prime Version           ; 19.1.0 Build 670 09/22/2019 SJ Standard Edition ;
; Revision Name                   ; cm3                                             ;
; Top-level Entity Name           ; CortexM3                                        ;
; Family                          ; Cyclone V                                       ;
; Device                          ; 5CEFA5F23C6                                     ;
; Timing Models                   ; Final                                           ;
; Logic utilization (in ALMs)     ; 10,887 / 29,080 ( 37 % )                        ;
; Total registers                 ; 6733                                            ;
; Total pins                      ; 7 / 240 ( 3 % )                                 ;
; Total virtual pins              ; 0                                               ;
; Total block memory bits         ; 1,048,576 / 4,567,040 ( 23 % )                  ;
; Total DSP Blocks                ; 2 / 150 ( 1 % )                                 ;
; Total HSSI RX PCSs              ; 0                                               ;
; Total HSSI PMA RX Deserializers ; 0                                               ;
; Total HSSI TX PCSs              ; 0                                               ;
; Total HSSI PMA TX Serializers   ; 0                                               ;
; Total PLLs                      ; 0 / 6 ( 0 % )                                   ;
; Total DLLs                      ; 0 / 4 ( 0 % )                                   ;
+---------------------------------+-------------------------------------------------+


+-----------------------------------------+
; Flow Settings                           ;
+-------------------+---------------------+
; Option            ; Setting             ;
+-------------------+---------------------+
; Start date & time ; 04/09/2020 20:39:29 ;
; Main task         ; Compilation         ;
; Revision Name     ; cm3                 ;
+-------------------+---------------------+


+-------------------------------------------------------------------------------------------------------------------------+
; Flow Non-Default Global Settings                                                                                        ;
+-------------------------------------+----------------------------------------+---------------+-------------+------------+
; Assignment Name                     ; Value                                  ; Default Value ; Entity Name ; Section Id ;
+-------------------------------------+----------------------------------------+---------------+-------------+------------+
; COMPILER_SIGNATURE_ID               ; 185122850033848.158643596914304        ; --            ; --          ; --         ;
; MAX_CORE_JUNCTION_TEMP              ; 85                                     ; --            ; --          ; --         ;
; MIN_CORE_JUNCTION_TEMP              ; 0                                      ; --            ; --          ; --         ;
; PARTITION_COLOR                     ; -- (Not supported for targeted family) ; --            ; CortexM3    ; Top        ;
; PARTITION_FITTER_PRESERVATION_LEVEL ; -- (Not supported for targeted family) ; --            ; CortexM3    ; Top        ;
; PARTITION_NETLIST_TYPE              ; -- (Not supported for targeted family) ; --            ; CortexM3    ; Top        ;
; PROJECT_OUTPUT_DIRECTORY            ; output_files                           ; --            ; --          ; --         ;
; TOP_LEVEL_ENTITY                    ; CortexM3                               ; cm3           ; --          ; --         ;
+-------------------------------------+----------------------------------------+---------------+-------------+------------+


+--------------------------------------------------------------------------------------------------------------------------+
; Flow Elapsed Time                                                                                                        ;
+----------------------+--------------+-------------------------+---------------------+------------------------------------+
; Module Name          ; Elapsed Time ; Average Processors Used ; Peak Virtual Memory ; Total CPU Time (on all processors) ;
+----------------------+--------------+-------------------------+---------------------+------------------------------------+
; Analysis & Synthesis ; 00:03:28     ; 1.8                     ; 6931 MB             ; 00:03:09                           ;
; Fitter               ; 00:07:54     ; 1.3                     ; 6733 MB             ; 00:13:13                           ;
; Assembler            ; 00:00:40     ; 1.0                     ; 5022 MB             ; 00:00:14                           ;
; Timing Analyzer      ; 00:01:08     ; 3.3                     ; 5606 MB             ; 00:01:54                           ;
; Total                ; 00:13:10     ; --                      ; --                  ; 00:18:30                           ;
+----------------------+--------------+-------------------------+---------------------+------------------------------------+


+------------------------------------------------------------------------------------+
; Flow OS Summary                                                                    ;
+----------------------+------------------+------------+------------+----------------+
; Module Name          ; Machine Hostname ; OS Name    ; OS Version ; Processor type ;
+----------------------+------------------+------------+------------+----------------+
; Analysis & Synthesis ; DESKTOP-R3CA39A  ; Windows 10 ; 10.0       ; x86_64         ;
; Fitter               ; DESKTOP-R3CA39A  ; Windows 10 ; 10.0       ; x86_64         ;
; Assembler            ; DESKTOP-R3CA39A  ; Windows 10 ; 10.0       ; x86_64         ;
; Timing Analyzer      ; DESKTOP-R3CA39A  ; Windows 10 ; 10.0       ; x86_64         ;
+----------------------+------------------+------------+------------+----------------+


------------
; Flow Log ;
------------
quartus_map --read_settings_files=on --write_settings_files=off cm3 -c cm3
quartus_fit --read_settings_files=off --write_settings_files=off cm3 -c cm3
quartus_asm --read_settings_files=off --write_settings_files=off cm3 -c cm3
quartus_sta cm3 -c cm3



